[23/Nov/2019:18:23:07] cs_username=james@buttercupgames.com	usage=Borderline	sc_bytes=1067894	http_content_type=application/javascript
[23/Nov/2019:18:23:22] cs_username=lisa@buttercupgames.com	usage=Violation	sc_bytes=2067894	http_content_type=application/javascript
[23/Nov/2019:18:23:49] cs_username=james@buttercupgames.com	usage=Violation	sc_bytes=2067894	http_content_type=application/javascript
[23/Nov/2019:18:23:59] cs_username=jasmine@buttercupgames.com	usage=Borderline	sc_bytes=1067894	http_content_type=application/javascript
[23/Nov/2019:18:24:28] cs_username=james@buttercupgames.com	usage=Business	sc_bytes=1097894	http_content_type=application/octet-stream
[23/Nov/2019:18:24:50] cs_username=jasmine@buttercupgames.com	usage=Violation	sc_bytes=2067894	http_content_type=application/javascript
[23/Nov/2019:18:25:11] cs_username=jasmine@buttercupgames.com	usage=Borderline	sc_bytes=1067894	http_content_type=application/javascript
[23/Nov/2019:18:25:32] cs_username=james@buttercupgames.com	usage=Violation	sc_bytes=2067894	http_content_type=application/javascript
[23/Nov/2019:18:25:52] cs_username=lisa@buttercupgames.com	usage=Violation	sc_bytes=2067894	http_content_type=application/javascript
[23/Nov/2019:18:26:07] cs_username=jasmine@buttercupgames.com	usage=Unknown	sc_bytes=1007894	http_content_type=image/bmp
[23/Nov/2019:18:26:33] cs_username=james@buttercupgames.com	usage=Personal	sc_bytes=1067854	http_content_type=application/x-shockwave-flash
[23/Nov/2019:18:26:36] cs_username=lisa@buttercupgames.com	usage=Personal	sc_bytes=1067854	http_content_type=application/x-shockwave-flash
[23/Nov/2019:18:26:55] cs_username=jasmine@buttercupgames.com	usage=Business	sc_bytes=1097894	http_content_type=application/octet-stream
[23/Nov/2019:18:27:22] cs_username=lisa@buttercupgames.com	usage=Borderline	sc_bytes=1067894	http_content_type=application/javascript
[23/Nov/2019:18:27:48] cs_username=lisa@buttercupgames.com	usage=Personal	sc_bytes=1067854	http_content_type=application/x-shockwave-flash
[23/Nov/2019:18:28:14] cs_username=jasmine@buttercupgames.com	usage=Violation	sc_bytes=2067894	http_content_type=application/javascript
[23/Nov/2019:18:28:22] cs_username=lisa@buttercupgames.com	usage=Violation	sc_bytes=2067894	http_content_type=application/javascript
[23/Nov/2019:18:28:40] cs_username=lisa@buttercupgames.com	usage=Borderline	sc_bytes=1067894	http_content_type=application/javascript
[23/Nov/2019:18:29:03] cs_username=lisa@buttercupgames.com	usage=Violation	sc_bytes=2067894	http_content_type=application/javascript
[23/Nov/2019:18:29:20] cs_username=lisa@buttercupgames.com	usage=Personal	sc_bytes=1067854	http_content_type=application/x-shockwave-flash
[23/Nov/2019:18:29:36] cs_username=james@buttercupgames.com	usage=Borderline	sc_bytes=1067894	http_content_type=application/javascript
[23/Nov/2019:18:29:59] cs_username=lisa@buttercupgames.com	usage=Unknown	sc_bytes=1007894	http_content_type=image/bmp
[23/Nov/2019:18:30:19] cs_username=jasmine@buttercupgames.com	usage=Personal	sc_bytes=1067854	http_content_type=application/x-shockwave-flash
[23/Nov/2019:18:30:45] cs_username=lisa@buttercupgames.com	usage=Unknown	sc_bytes=1007894	http_content_type=image/bmp
[23/Nov/2019:18:31:01] cs_username=jasmine@buttercupgames.com	usage=Violation	sc_bytes=2067894	http_content_type=application/javascript
[23/Nov/2019:18:31:20] cs_username=james@buttercupgames.com	usage=Unknown	sc_bytes=1007894	http_content_type=image/bmp
[23/Nov/2019:18:31:53] cs_username=jasmine@buttercupgames.com	usage=Violation	sc_bytes=2067894	http_content_type=application/javascript
[23/Nov/2019:18:32:05] cs_username=lisa@buttercupgames.com	usage=Personal	sc_bytes=1067854	http_content_type=application/x-shockwave-flash
[23/Nov/2019:18:32:20] cs_username=jasmine@buttercupgames.com	usage=Unknown	sc_bytes=1007894	http_content_type=image/bmp
[23/Nov/2019:18:32:48] cs_username=lisa@buttercupgames.com	usage=Unknown	sc_bytes=1007894	http_content_type=image/bmp
[23/Nov/2019:18:33:02] cs_username=jasmine@buttercupgames.com	usage=Business	sc_bytes=1097894	http_content_type=application/octet-stream
[23/Nov/2019:18:33:15] cs_username=lisa@buttercupgames.com	usage=Unknown	sc_bytes=1007894	http_content_type=image/bmp
[23/Nov/2019:18:33:44] cs_username=james@buttercupgames.com	usage=Business	sc_bytes=1097894	http_content_type=application/octet-stream
[23/Nov/2019:18:34:11] cs_username=lisa@buttercupgames.com	usage=Personal	sc_bytes=1067854	http_content_type=application/x-shockwave-flash
[23/Nov/2019:18:34:20] cs_username=lisa@buttercupgames.com	usage=Unknown	sc_bytes=1007894	http_content_type=image/bmp
[23/Nov/2019:18:34:44] cs_username=lisa@buttercupgames.com	usage=Borderline	sc_bytes=1067894	http_content_type=application/javascript
[23/Nov/2019:18:34:56] cs_username=lisa@buttercupgames.com	usage=Violation	sc_bytes=2067894	http_content_type=application/javascript
[23/Nov/2019:18:35:20] cs_username=jasmine@buttercupgames.com	usage=Personal	sc_bytes=1067854	http_content_type=application/x-shockwave-flash
[23/Nov/2019:18:35:51] cs_username=james@buttercupgames.com	usage=Personal	sc_bytes=1067854	http_content_type=application/x-shockwave-flash
[23/Nov/2019:18:35:59] cs_username=lisa@buttercupgames.com	usage=Personal	sc_bytes=1067854	http_content_type=application/x-shockwave-flash
[23/Nov/2019:18:36:16] cs_username=jasmine@buttercupgames.com	usage=Violation	sc_bytes=2067894	http_content_type=application/javascript
[23/Nov/2019:18:36:40] cs_username=lisa@buttercupgames.com	usage=Personal	sc_bytes=1067854	http_content_type=application/x-shockwave-flash
[23/Nov/2019:18:37:04] cs_username=jasmine@buttercupgames.com	usage=Unknown	sc_bytes=1007894	http_content_type=image/bmp
[23/Nov/2019:18:37:34] cs_username=lisa@buttercupgames.com	usage=Unknown	sc_bytes=1007894	http_content_type=image/bmp
[23/Nov/2019:18:37:41] cs_username=lisa@buttercupgames.com	usage=Violation	sc_bytes=2067894	http_content_type=application/javascript
[23/Nov/2019:18:37:56] cs_username=lisa@buttercupgames.com	usage=Unknown	sc_bytes=1007894	http_content_type=image/bmp
[23/Nov/2019:18:38:23] cs_username=lisa@buttercupgames.com	usage=Personal	sc_bytes=1067854	http_content_type=application/x-shockwave-flash
[23/Nov/2019:18:38:43] cs_username=lisa@buttercupgames.com	usage=Violation	sc_bytes=2067894	http_content_type=application/javascript
[23/Nov/2019:18:39:06] cs_username=jasmine@buttercupgames.com	usage=Violation	sc_bytes=2067894	http_content_type=application/javascript
