 cs_username=james@northedge.com	usage=Borderline	sc_bytes=1067894	http_content_type=application/javascript
 cs_username=lisa@northedge.com	usage=Violation	sc_bytes=2067894	http_content_type=application/javascript
 cs_username=james@northedge.com	usage=Violation	sc_bytes=2067894	http_content_type=application/javascript
 cs_username=jasmine@northedge.com	usage=Borderline	sc_bytes=1067894	http_content_type=application/javascript
 cs_username=james@northedge.com	usage=Business	sc_bytes=1097894	http_content_type=application/octet-stream
 cs_username=jasmine@northedge.com	usage=Violation	sc_bytes=2067894	http_content_type=application/javascript
 cs_username=jasmine@northedge.com	usage=Borderline	sc_bytes=1067894	http_content_type=application/javascript
 cs_username=james@northedge.com	usage=Violation	sc_bytes=2067894	http_content_type=application/javascript
 cs_username=lisa@northedge.com	usage=Violation	sc_bytes=2067894	http_content_type=application/javascript
 cs_username=jasmine@northedge.com	usage=Unknown	sc_bytes=1007894	http_content_type=image/bmp
 cs_username=james@northedge.com	usage=Personal	sc_bytes=1067854	http_content_type=application/x-shockwave-flash
 cs_username=lisa@northedge.com	usage=Personal	sc_bytes=1067854	http_content_type=application/x-shockwave-flash
 cs_username=jasmine@northedge.com	usage=Business	sc_bytes=1097894	http_content_type=application/octet-stream
 cs_username=lisa@northedge.com	usage=Borderline	sc_bytes=1067894	http_content_type=application/javascript
 cs_username=lisa@northedge.com	usage=Personal	sc_bytes=1067854	http_content_type=application/x-shockwave-flash
 cs_username=jasmine@northedge.com	usage=Violation	sc_bytes=2067894	http_content_type=application/javascript
 cs_username=lisa@northedge.com	usage=Violation	sc_bytes=2067894	http_content_type=application/javascript
 cs_username=lisa@northedge.com	usage=Borderline	sc_bytes=1067894	http_content_type=application/javascript
 cs_username=lisa@northedge.com	usage=Violation	sc_bytes=2067894	http_content_type=application/javascript
 cs_username=lisa@northedge.com	usage=Personal	sc_bytes=1067854	http_content_type=application/x-shockwave-flash
 cs_username=james@northedge.com	usage=Borderline	sc_bytes=1067894	http_content_type=application/javascript
 cs_username=lisa@northedge.com	usage=Unknown	sc_bytes=1007894	http_content_type=image/bmp
 cs_username=jasmine@northedge.com	usage=Personal	sc_bytes=1067854	http_content_type=application/x-shockwave-flash
 cs_username=lisa@northedge.com	usage=Unknown	sc_bytes=1007894	http_content_type=image/bmp
 cs_username=jasmine@northedge.com	usage=Violation	sc_bytes=2067894	http_content_type=application/javascript
 cs_username=james@northedge.com	usage=Unknown	sc_bytes=1007894	http_content_type=image/bmp
 cs_username=jasmine@northedge.com	usage=Violation	sc_bytes=2067894	http_content_type=application/javascript
 cs_username=lisa@northedge.com	usage=Personal	sc_bytes=1067854	http_content_type=application/x-shockwave-flash
 cs_username=jasmine@northedge.com	usage=Unknown	sc_bytes=1007894	http_content_type=image/bmp
 cs_username=lisa@northedge.com	usage=Unknown	sc_bytes=1007894	http_content_type=image/bmp
 cs_username=jasmine@northedge.com	usage=Business	sc_bytes=1097894	http_content_type=application/octet-stream
 cs_username=lisa@northedge.com	usage=Unknown	sc_bytes=1007894	http_content_type=image/bmp
 cs_username=james@northedge.com	usage=Business	sc_bytes=1097894	http_content_type=application/octet-stream
 cs_username=lisa@northedge.com	usage=Personal	sc_bytes=1067854	http_content_type=application/x-shockwave-flash
 cs_username=lisa@northedge.com	usage=Unknown	sc_bytes=1007894	http_content_type=image/bmp
 cs_username=lisa@northedge.com	usage=Borderline	sc_bytes=1067894	http_content_type=application/javascript
 cs_username=lisa@northedge.com	usage=Violation	sc_bytes=2067894	http_content_type=application/javascript
 cs_username=jasmine@northedge.com	usage=Personal	sc_bytes=1067854	http_content_type=application/x-shockwave-flash
 cs_username=james@northedge.com	usage=Personal	sc_bytes=1067854	http_content_type=application/x-shockwave-flash
 cs_username=lisa@northedge.com	usage=Personal	sc_bytes=1067854	http_content_type=application/x-shockwave-flash
 cs_username=jasmine@northedge.com	usage=Violation	sc_bytes=2067894	http_content_type=application/javascript
 cs_username=lisa@northedge.com	usage=Personal	sc_bytes=1067854	http_content_type=application/x-shockwave-flash
 cs_username=jasmine@northedge.com	usage=Unknown	sc_bytes=1007894	http_content_type=image/bmp
 cs_username=lisa@northedge.com	usage=Unknown	sc_bytes=1007894	http_content_type=image/bmp
 cs_username=lisa@northedge.com	usage=Violation	sc_bytes=2067894	http_content_type=application/javascript
 cs_username=lisa@northedge.com	usage=Unknown	sc_bytes=1007894	http_content_type=image/bmp
 cs_username=lisa@northedge.com	usage=Personal	sc_bytes=1067854	http_content_type=application/x-shockwave-flash
 cs_username=lisa@northedge.com	usage=Violation	sc_bytes=2067894	http_content_type=application/javascript
 cs_username=jasmine@northedge.com	usage=Violation	sc_bytes=2067894	http_content_type=application/javascript
