 cs_username=james@northedgeglobal.com	usage=Borderline	sc_bytes=1067894	http_content_type=application/javascript
 cs_username=lisa@northedgeglobal.com	usage=Violation	sc_bytes=2067894	http_content_type=application/javascript
[23/Nov/2019:18:23:49] cs_username=james@northedgeglobal.com	usage=Violation	sc_bytes=2067894	http_content_type=application/javascript
 cs_username=jasmine@northedgeglobal.com	usage=Borderline	sc_bytes=1067894	http_content_type=application/javascript
 cs_username=james@northedgeglobal.com	usage=Business	sc_bytes=1097894	http_content_type=application/octet-stream
[23/Nov/2019:18:24:50] cs_username=jasmine@northedgeglobal.com	usage=Violation	sc_bytes=2067894	http_content_type=application/javascript
 cs_username=jasmine@northedgeglobal.com	usage=Borderline	sc_bytes=1067894	http_content_type=application/javascript
 cs_username=james@northedgeglobal.com	usage=Violation	sc_bytes=2067894	http_content_type=application/javascript
 cs_username=lisa@northedgeglobal.com	usage=Violation	sc_bytes=2067894	http_content_type=application/javascript
 cs_username=jasmine@northedgeglobal.com	usage=Unknown	sc_bytes=1007894	http_content_type=image/bmp
 cs_username=james@northedgeglobal.com	usage=Personal	sc_bytes=1067854	http_content_type=application/x-shockwave-flash
 cs_username=lisa@northedgeglobal.com	usage=Personal	sc_bytes=1067854	http_content_type=application/x-shockwave-flash
 cs_username=jasmine@northedgeglobal.com	usage=Business	sc_bytes=1097894	http_content_type=application/octet-stream
 cs_username=lisa@northedgeglobal.com	usage=Borderline	sc_bytes=1067894	http_content_type=application/javascript
 cs_username=lisa@northedgeglobal.com	usage=Personal	sc_bytes=1067854	http_content_type=application/x-shockwave-flash
 cs_username=jasmine@northedgeglobal.com	usage=Violation	sc_bytes=2067894	http_content_type=application/javascript
 cs_username=lisa@northedgeglobal.com	usage=Violation	sc_bytes=2067894	http_content_type=application/javascript
 cs_username=lisa@northedgeglobal.com	usage=Borderline	sc_bytes=1067894	http_content_type=application/javascript
 cs_username=lisa@northedgeglobal.com	usage=Violation	sc_bytes=2067894	http_content_type=application/javascript
 cs_username=lisa@northedgeglobal.com	usage=Personal	sc_bytes=1067854	http_content_type=application/x-shockwave-flash
 cs_username=james@northedgeglobal.com	usage=Borderline	sc_bytes=1067894	http_content_type=application/javascript
 cs_username=lisa@northedgeglobal.com	usage=Unknown	sc_bytes=1007894	http_content_type=image/bmp
 cs_username=jasmine@northedgeglobal.com	usage=Personal	sc_bytes=1067854	http_content_type=application/x-shockwave-flash
 cs_username=lisa@northedgeglobal.com	usage=Unknown	sc_bytes=1007894	http_content_type=image/bmp
 cs_username=jasmine@northedgeglobal.com	usage=Violation	sc_bytes=2067894	http_content_type=application/javascript
 cs_username=james@northedgeglobal.com	usage=Unknown	sc_bytes=1007894	http_content_type=image/bmp
 cs_username=jasmine@northedgeglobal.com	usage=Violation	sc_bytes=2067894	http_content_type=application/javascript
 cs_username=lisa@northedgeglobal.com	usage=Personal	sc_bytes=1067854	http_content_type=application/x-shockwave-flash
 cs_username=jasmine@northedgeglobal.com	usage=Unknown	sc_bytes=1007894	http_content_type=image/bmp
 cs_username=lisa@northedgeglobal.com	usage=Unknown	sc_bytes=1007894	http_content_type=image/bmp
 cs_username=jasmine@northedgeglobal.com	usage=Business	sc_bytes=1097894	http_content_type=application/octet-stream
 cs_username=lisa@northedgeglobal.com	usage=Unknown	sc_bytes=1007894	http_content_type=image/bmp
 cs_username=james@northedgeglobal.com	usage=Business	sc_bytes=1097894	http_content_type=application/octet-stream
 cs_username=lisa@northedgeglobal.com	usage=Personal	sc_bytes=1067854	http_content_type=application/x-shockwave-flash
 cs_username=lisa@northedgeglobal.com	usage=Unknown	sc_bytes=1007894	http_content_type=image/bmp
 cs_username=lisa@northedgeglobal.com	usage=Borderline	sc_bytes=1067894	http_content_type=application/javascript
 cs_username=lisa@northedgeglobal.com	usage=Violation	sc_bytes=2067894	http_content_type=application/javascript
 cs_username=jasmine@northedgeglobal.com	usage=Personal	sc_bytes=1067854	http_content_type=application/x-shockwave-flash
 cs_username=james@northedgeglobal.com	usage=Personal	sc_bytes=1067854	http_content_type=application/x-shockwave-flash
 cs_username=lisa@northedgeglobal.com	usage=Personal	sc_bytes=1067854	http_content_type=application/x-shockwave-flash
 cs_username=jasmine@northedgeglobal.com	usage=Violation	sc_bytes=2067894	http_content_type=application/javascript
 cs_username=lisa@northedgeglobal.com	usage=Personal	sc_bytes=1067854	http_content_type=application/x-shockwave-flash
 cs_username=jasmine@northedgeglobal.com	usage=Unknown	sc_bytes=1007894	http_content_type=image/bmp
 cs_username=lisa@northedgeglobal.com	usage=Unknown	sc_bytes=1007894	http_content_type=image/bmp
 cs_username=lisa@northedgeglobal.com	usage=Violation	sc_bytes=2067894	http_content_type=application/javascript
 cs_username=lisa@northedgeglobal.com	usage=Unknown	sc_bytes=1007894	http_content_type=image/bmp
 cs_username=lisa@northedgeglobal.com	usage=Personal	sc_bytes=1067854	http_content_type=application/x-shockwave-flash
 cs_username=lisa@northedgeglobal.com	usage=Violation	sc_bytes=2067894	http_content_type=application/javascript
 cs_username=jasmine@northedgeglobal.com	usage=Violation	sc_bytes=2067894	http_content_type=application/javascript
